Flutter crash report.
Please report a bug at https://github.com/flutter/flutter/issues.

## command

flutter pub get

## exception

FileSystemException: FileSystemException: Cannot create link, path = 'D:\cc\codecheck-app--att\windows\flutter\ephemeral\.plugin_symlinks\path_provider_windows' (OS Error: Função incorreta.
, errno = 1)

```
#0      _Link.throwIfError (dart:io/link.dart:254:7)
#1      _Link.createSync (dart:io/link.dart:182:5)
#2      ForwardingLink.createSync (package:file/src/forwarding/forwarding_link.dart:20:16)
#3      ForwardingLink.createSync (package:file/src/forwarding/forwarding_link.dart:20:16)
#4      _createPlatformPluginSymlinks (package:flutter_tools/src/flutter_plugins.dart:1057:12)
#5      createPluginSymlinks (package:flutter_tools/src/flutter_plugins.dart:987:5)
#6      refreshPluginsList (package:flutter_tools/src/flutter_plugins.dart:1089:5)
<asynchronous suspension>
#7      FlutterProject.ensureReadyForPlatformSpecificTooling (package:flutter_tools/src/project.dart:357:5)
<asynchronous suspension>
#8      PackagesGetCommand.runCommand (package:flutter_tools/src/commands/packages.dart:179:5)
<asynchronous suspension>
#9      FlutterCommand.run.<anonymous closure> (package:flutter_tools/src/runner/flutter_command.dart:1257:27)
<asynchronous suspension>
#10     AppContext.run.<anonymous closure> (package:flutter_tools/src/base/context.dart:150:19)
<asynchronous suspension>
#11     CommandRunner.runCommand (package:args/command_runner.dart:209:13)
<asynchronous suspension>
#12     FlutterCommandRunner.runCommand.<anonymous closure> (package:flutter_tools/src/runner/flutter_command_runner.dart:283:9)
<asynchronous suspension>
#13     AppContext.run.<anonymous closure> (package:flutter_tools/src/base/context.dart:150:19)
<asynchronous suspension>
#14     FlutterCommandRunner.runCommand (package:flutter_tools/src/runner/flutter_command_runner.dart:229:5)
<asynchronous suspension>
#15     run.<anonymous closure>.<anonymous closure> (package:flutter_tools/runner.dart:64:9)
<asynchronous suspension>
#16     AppContext.run.<anonymous closure> (package:flutter_tools/src/base/context.dart:150:19)
<asynchronous suspension>
#17     main (package:flutter_tools/executable.dart:91:3)
<asynchronous suspension>
```

## flutter doctor

```
[32m[✓][39m Flutter (Channel stable, 3.7.3, on Microsoft Windows [versÆo 10.0.19043.1865], locale pt-BR)
    [32m•[39m Flutter version 3.7.3 on channel stable at c:\flutter
    [32m•[39m Upstream repository https://github.com/flutter/flutter.git
    [32m•[39m Framework revision 9944297138 (3 days ago), 2023-02-08 15:46:04 -0800
    [32m•[39m Engine revision 248290d6d5
    [32m•[39m Dart version 2.19.2
    [32m•[39m DevTools version 2.20.1

[31m[✗][39m Windows Version (Unable to confirm if installed Windows version is 10 or greater)

[32m[✓][39m Android toolchain - develop for Android devices (Android SDK version 32.1.0-rc1)
    [32m•[39m Android SDK at C:\Users\Laboratorio\AppData\Local\Android\sdk
    [32m•[39m Platform android-32, build-tools 32.1.0-rc1
    [32m•[39m Java binary at: C:\Program Files\Android\Android Studio\jre\bin\java
    [32m•[39m Java version OpenJDK Runtime Environment (build 11.0.11+9-b60-7590822)
    [32m•[39m All Android licenses accepted.

[32m[✓][39m Chrome - develop for the web
    [32m•[39m Chrome at C:\Program Files\Google\Chrome\Application\chrome.exe

[33m[!][39m Visual Studio - develop for Windows (Visual Studio Community 2019 16.10.3)
    [32m•[39m Visual Studio at C:\Program Files (x86)\Microsoft Visual Studio\2019\Community
    [32m•[39m Visual Studio Community 2019 version 16.10.31424.327
    [32m•[39m Windows 10 SDK version 10.0.19041.0
    [31m✗[39m Visual Studio is missing necessary components. Please re-run the Visual Studio installer for the "Desktop development with
      C++" workload, and include these components:
        MSVC v142 - VS 2019 C++ x64/x86 build tools
         - If there are multiple build tool versions available, install the latest
        C++ CMake tools for Windows
        Windows 10 SDK

[32m[✓][39m Android Studio (version 2021.1)
    [32m•[39m Android Studio at C:\Program Files\Android\Android Studio
    [32m•[39m Flutter plugin can be installed from:
      🔨 https://plugins.jetbrains.com/plugin/9212-flutter
    [32m•[39m Dart plugin can be installed from:
      🔨 https://plugins.jetbrains.com/plugin/6351-dart
    [32m•[39m Java version OpenJDK Runtime Environment (build 11.0.11+9-b60-7590822)

[32m[✓][39m VS Code (version 1.75.1)
    [32m•[39m VS Code at C:\Users\Laboratorio\AppData\Local\Programs\Microsoft VS Code
    [32m•[39m Flutter extension version 3.58.0

[32m[✓][39m Connected device (3 available)
    [32m•[39m Windows (desktop) • windows • windows-x64    • Microsoft Windows [versÆo 10.0.19043.1865]
    [32m•[39m Chrome (web)      • chrome  • web-javascript • Google Chrome 108.0.5359.125
    [32m•[39m Edge (web)        • edge    • web-javascript • Microsoft Edge 108.0.1462.54
    [33m![39m Device LMX420SKHEQWW8QSQO is not authorized.
      You might need to check your device for an authorization dialog.

[32m[✓][39m HTTP Host Availability
    [32m•[39m All required HTTP hosts are available

[33m![39m Doctor found issues in 2 categories.
```
